0 info it worked if it ends with ok
1 verbose cli [ '/home/morgan/.nvm/versions/node/v7.5.0/bin/node',
1 verbose cli   '/home/morgan/.nvm/versions/node/v7.5.0/bin/npm',
1 verbose cli   'run',
1 verbose cli   'dev' ]
2 info using npm@4.1.2
3 info using node@v7.5.0
4 verbose run-script [ 'predev', 'dev', 'postdev' ]
5 info lifecycle elm-tutorial@1.0.0~predev: elm-tutorial@1.0.0
6 silly lifecycle elm-tutorial@1.0.0~predev: no script for predev, continuing
7 info lifecycle elm-tutorial@1.0.0~dev: elm-tutorial@1.0.0
8 verbose lifecycle elm-tutorial@1.0.0~dev: unsafe-perm in lifecycle true
9 verbose lifecycle elm-tutorial@1.0.0~dev: PATH: /home/morgan/.nvm/versions/node/v7.5.0/lib/node_modules/npm/bin/node-gyp-bin:/home/morgan/workspace/etc/elm-tutorial/node_modules/.bin:/home/morgan/bin/factor_lang:/home/morgan/.rvm/gems/ruby-2.3.1/bin:/home/morgan/.nvm/versions/node/v7.5.0/bin:/home/morgan/.rvm/gems/ruby-2.3.1/bin:/home/morgan/.rvm/gems/ruby-2.3.1@global/bin:/home/morgan/.rvm/rubies/ruby-2.3.1/bin:/usr/local/sbin:/usr/local/bin:/usr/bin:/usr/lib/jvm/default/bin:/usr/bin/site_perl:/usr/bin/vendor_perl:/usr/bin/core_perl:/home/morgan/.rvm/bin:/home/morgan/.rvm/bin:/bin:/home/morgan/.go/bin:/home/morgan/.config/composer/vendor/bin:/home/morgan/bin
10 verbose lifecycle elm-tutorial@1.0.0~dev: CWD: /home/morgan/workspace/etc/elm-tutorial
11 silly lifecycle elm-tutorial@1.0.0~dev: Args: [ '-c', 'webpack-dev-server --port 3000' ]
12 info lifecycle elm-tutorial@1.0.0~dev: Failed to exec dev script
13 verbose stack Error: elm-tutorial@1.0.0 dev: `webpack-dev-server --port 3000`
13 verbose stack spawn ENOENT
13 verbose stack     at ChildProcess.<anonymous> (/home/morgan/.nvm/versions/node/v7.5.0/lib/node_modules/npm/lib/utils/spawn.js:33:16)
13 verbose stack     at emitTwo (events.js:106:13)
13 verbose stack     at ChildProcess.emit (events.js:192:7)
13 verbose stack     at maybeClose (internal/child_process.js:890:16)
13 verbose stack     at Process.ChildProcess._handle.onexit (internal/child_process.js:226:5)
14 verbose pkgid elm-tutorial@1.0.0
15 verbose cwd /home/morgan/workspace/etc/elm-tutorial
16 error Linux 4.9.11-1-ARCH
17 error argv "/home/morgan/.nvm/versions/node/v7.5.0/bin/node" "/home/morgan/.nvm/versions/node/v7.5.0/bin/npm" "run" "dev"
18 error node v7.5.0
19 error npm  v4.1.2
20 error file sh
21 error code ELIFECYCLE
22 error errno ENOENT
23 error syscall spawn
24 error elm-tutorial@1.0.0 dev: `webpack-dev-server --port 3000`
24 error spawn ENOENT
25 error Failed at the elm-tutorial@1.0.0 dev script 'webpack-dev-server --port 3000'.
25 error Make sure you have the latest version of node.js and npm installed.
25 error If you do, this is most likely a problem with the elm-tutorial package,
25 error not with npm itself.
25 error Tell the author that this fails on your system:
25 error     webpack-dev-server --port 3000
25 error You can get information on how to open an issue for this project with:
25 error     npm bugs elm-tutorial
25 error Or if that isn't available, you can get their info via:
25 error     npm owner ls elm-tutorial
25 error There is likely additional logging output above.
26 verbose exit [ 1, true ]
